18-May-2024 18:13:23.538 INFO [main] org.apache.catalina.core.ApplicationContext.log 1 Spring WebApplicationInitializers detected on classpath
18-May-2024 18:13:23.616 INFO [main] org.apache.catalina.core.ApplicationContext.log Initializing Spring root WebApplicationContext
18-May-2024 18:13:28.168 INFO [main] org.apache.catalina.core.ApplicationContext.log Initializing Spring DispatcherServlet 'dispatcher'
18-May-2024 18:15:04.049 INFO [Thread-1] org.apache.catalina.core.ApplicationContext.log Destroying Spring FrameworkServlet 'dispatcher'
18-May-2024 18:15:04.054 INFO [Thread-1] org.apache.catalina.core.ApplicationContext.log Closing Spring root WebApplicationContext
18-May-2024 18:15:11.130 INFO [main] org.apache.catalina.core.ApplicationContext.log 1 Spring WebApplicationInitializers detected on classpath
18-May-2024 18:15:11.207 INFO [main] org.apache.catalina.core.ApplicationContext.log Initializing Spring root WebApplicationContext
18-May-2024 18:15:15.718 INFO [main] org.apache.catalina.core.ApplicationContext.log Initializing Spring DispatcherServlet 'dispatcher'
18-May-2024 18:16:08.586 INFO [Thread-1] org.apache.catalina.core.ApplicationContext.log Destroying Spring FrameworkServlet 'dispatcher'
18-May-2024 18:16:08.591 INFO [Thread-1] org.apache.catalina.core.ApplicationContext.log Closing Spring root WebApplicationContext
18-May-2024 18:17:26.798 INFO [main] org.apache.catalina.core.ApplicationContext.log 1 Spring WebApplicationInitializers detected on classpath
18-May-2024 18:17:26.882 INFO [main] org.apache.catalina.core.ApplicationContext.log Initializing Spring root WebApplicationContext
18-May-2024 18:17:31.435 INFO [main] org.apache.catalina.core.ApplicationContext.log Initializing Spring DispatcherServlet 'dispatcher'
18-May-2024 18:19:10.379 INFO [Thread-1] org.apache.catalina.core.ApplicationContext.log Destroying Spring FrameworkServlet 'dispatcher'
18-May-2024 18:19:10.384 INFO [Thread-1] org.apache.catalina.core.ApplicationContext.log Closing Spring root WebApplicationContext
18-May-2024 18:19:16.480 INFO [main] org.apache.catalina.core.ApplicationContext.log 1 Spring WebApplicationInitializers detected on classpath
18-May-2024 18:19:16.559 INFO [main] org.apache.catalina.core.ApplicationContext.log Initializing Spring root WebApplicationContext
18-May-2024 18:19:21.092 INFO [main] org.apache.catalina.core.ApplicationContext.log Initializing Spring DispatcherServlet 'dispatcher'
18-May-2024 18:19:56.865 INFO [Thread-1] org.apache.catalina.core.ApplicationContext.log Destroying Spring FrameworkServlet 'dispatcher'
18-May-2024 18:19:56.870 INFO [Thread-1] org.apache.catalina.core.ApplicationContext.log Closing Spring root WebApplicationContext
