19-May-2024 13:00:08.848 INFO [main] org.apache.catalina.core.ApplicationContext.log 1 Spring WebApplicationInitializers detected on classpath
19-May-2024 13:00:08.929 INFO [main] org.apache.catalina.core.ApplicationContext.log Initializing Spring root WebApplicationContext
19-May-2024 13:00:13.649 INFO [main] org.apache.catalina.core.ApplicationContext.log Initializing Spring DispatcherServlet 'dispatcher'
19-May-2024 13:00:28.445 INFO [Thread-1] org.apache.catalina.core.ApplicationContext.log Destroying Spring FrameworkServlet 'dispatcher'
19-May-2024 13:00:28.450 INFO [Thread-1] org.apache.catalina.core.ApplicationContext.log Closing Spring root WebApplicationContext
19-May-2024 13:00:34.471 INFO [main] org.apache.catalina.core.ApplicationContext.log 1 Spring WebApplicationInitializers detected on classpath
19-May-2024 13:00:34.548 INFO [main] org.apache.catalina.core.ApplicationContext.log Initializing Spring root WebApplicationContext
19-May-2024 13:00:39.135 INFO [main] org.apache.catalina.core.ApplicationContext.log Initializing Spring DispatcherServlet 'dispatcher'
19-May-2024 13:01:40.160 INFO [Thread-1] org.apache.catalina.core.ApplicationContext.log Destroying Spring FrameworkServlet 'dispatcher'
19-May-2024 13:01:40.165 INFO [Thread-1] org.apache.catalina.core.ApplicationContext.log Closing Spring root WebApplicationContext
19-May-2024 13:02:27.611 INFO [main] org.apache.catalina.core.ApplicationContext.log 1 Spring WebApplicationInitializers detected on classpath
19-May-2024 13:02:27.688 INFO [main] org.apache.catalina.core.ApplicationContext.log Initializing Spring root WebApplicationContext
19-May-2024 13:02:32.272 INFO [main] org.apache.catalina.core.ApplicationContext.log Initializing Spring DispatcherServlet 'dispatcher'
19-May-2024 13:02:48.602 INFO [Thread-1] org.apache.catalina.core.ApplicationContext.log Destroying Spring FrameworkServlet 'dispatcher'
19-May-2024 13:02:48.607 INFO [Thread-1] org.apache.catalina.core.ApplicationContext.log Closing Spring root WebApplicationContext
19-May-2024 13:03:57.246 INFO [main] org.apache.catalina.core.ApplicationContext.log 1 Spring WebApplicationInitializers detected on classpath
19-May-2024 13:03:57.327 INFO [main] org.apache.catalina.core.ApplicationContext.log Initializing Spring root WebApplicationContext
19-May-2024 13:04:01.900 INFO [main] org.apache.catalina.core.ApplicationContext.log Initializing Spring DispatcherServlet 'dispatcher'
19-May-2024 13:06:16.006 INFO [Thread-1] org.apache.catalina.core.ApplicationContext.log Destroying Spring FrameworkServlet 'dispatcher'
19-May-2024 13:06:16.012 INFO [Thread-1] org.apache.catalina.core.ApplicationContext.log Closing Spring root WebApplicationContext
19-May-2024 13:06:48.470 INFO [main] org.apache.catalina.core.ApplicationContext.log 1 Spring WebApplicationInitializers detected on classpath
19-May-2024 13:06:48.548 INFO [main] org.apache.catalina.core.ApplicationContext.log Initializing Spring root WebApplicationContext
19-May-2024 13:06:53.093 INFO [main] org.apache.catalina.core.ApplicationContext.log Initializing Spring DispatcherServlet 'dispatcher'
19-May-2024 13:07:59.948 INFO [Thread-1] org.apache.catalina.core.ApplicationContext.log Destroying Spring FrameworkServlet 'dispatcher'
19-May-2024 13:07:59.953 INFO [Thread-1] org.apache.catalina.core.ApplicationContext.log Closing Spring root WebApplicationContext
19-May-2024 13:08:05.917 INFO [main] org.apache.catalina.core.ApplicationContext.log 1 Spring WebApplicationInitializers detected on classpath
19-May-2024 13:08:05.996 INFO [main] org.apache.catalina.core.ApplicationContext.log Initializing Spring root WebApplicationContext
19-May-2024 13:08:10.540 INFO [main] org.apache.catalina.core.ApplicationContext.log Initializing Spring DispatcherServlet 'dispatcher'
19-May-2024 13:08:59.416 INFO [Thread-1] org.apache.catalina.core.ApplicationContext.log Destroying Spring FrameworkServlet 'dispatcher'
19-May-2024 13:08:59.421 INFO [Thread-1] org.apache.catalina.core.ApplicationContext.log Closing Spring root WebApplicationContext
19-May-2024 13:09:06.503 INFO [main] org.apache.catalina.core.ApplicationContext.log 1 Spring WebApplicationInitializers detected on classpath
19-May-2024 13:09:06.585 INFO [main] org.apache.catalina.core.ApplicationContext.log Initializing Spring root WebApplicationContext
19-May-2024 13:09:11.140 INFO [main] org.apache.catalina.core.ApplicationContext.log Initializing Spring DispatcherServlet 'dispatcher'
19-May-2024 13:10:01.143 INFO [Thread-1] org.apache.catalina.core.ApplicationContext.log Destroying Spring FrameworkServlet 'dispatcher'
19-May-2024 13:10:01.148 INFO [Thread-1] org.apache.catalina.core.ApplicationContext.log Closing Spring root WebApplicationContext
19-May-2024 13:35:14.723 INFO [main] org.apache.catalina.core.ApplicationContext.log 1 Spring WebApplicationInitializers detected on classpath
19-May-2024 13:35:14.806 INFO [main] org.apache.catalina.core.ApplicationContext.log Initializing Spring root WebApplicationContext
19-May-2024 13:35:19.344 INFO [main] org.apache.catalina.core.ApplicationContext.log Initializing Spring DispatcherServlet 'dispatcher'
19-May-2024 13:36:22.027 INFO [Thread-1] org.apache.catalina.core.ApplicationContext.log Destroying Spring FrameworkServlet 'dispatcher'
19-May-2024 13:36:22.032 INFO [Thread-1] org.apache.catalina.core.ApplicationContext.log Closing Spring root WebApplicationContext
19-May-2024 13:40:26.144 INFO [main] org.apache.catalina.core.ApplicationContext.log 1 Spring WebApplicationInitializers detected on classpath
19-May-2024 13:40:26.220 INFO [main] org.apache.catalina.core.ApplicationContext.log Initializing Spring root WebApplicationContext
19-May-2024 13:40:30.735 INFO [main] org.apache.catalina.core.ApplicationContext.log Initializing Spring DispatcherServlet 'dispatcher'
19-May-2024 13:41:56.694 INFO [Thread-1] org.apache.catalina.core.ApplicationContext.log Destroying Spring FrameworkServlet 'dispatcher'
19-May-2024 13:41:56.699 INFO [Thread-1] org.apache.catalina.core.ApplicationContext.log Closing Spring root WebApplicationContext
19-May-2024 13:42:59.785 INFO [main] org.apache.catalina.core.ApplicationContext.log 1 Spring WebApplicationInitializers detected on classpath
19-May-2024 13:42:59.861 INFO [main] org.apache.catalina.core.ApplicationContext.log Initializing Spring root WebApplicationContext
19-May-2024 13:43:04.368 INFO [main] org.apache.catalina.core.ApplicationContext.log Initializing Spring DispatcherServlet 'dispatcher'
19-May-2024 13:44:49.556 INFO [Thread-1] org.apache.catalina.core.ApplicationContext.log Destroying Spring FrameworkServlet 'dispatcher'
19-May-2024 13:44:49.562 INFO [Thread-1] org.apache.catalina.core.ApplicationContext.log Closing Spring root WebApplicationContext
19-May-2024 13:46:45.403 INFO [main] org.apache.catalina.core.ApplicationContext.log 1 Spring WebApplicationInitializers detected on classpath
19-May-2024 13:46:45.480 INFO [main] org.apache.catalina.core.ApplicationContext.log Initializing Spring root WebApplicationContext
19-May-2024 13:46:49.983 INFO [main] org.apache.catalina.core.ApplicationContext.log Initializing Spring DispatcherServlet 'dispatcher'
19-May-2024 13:51:12.075 INFO [Thread-1] org.apache.catalina.core.ApplicationContext.log Destroying Spring FrameworkServlet 'dispatcher'
19-May-2024 13:51:12.080 INFO [Thread-1] org.apache.catalina.core.ApplicationContext.log Closing Spring root WebApplicationContext
19-May-2024 13:51:18.836 INFO [main] org.apache.catalina.core.ApplicationContext.log 1 Spring WebApplicationInitializers detected on classpath
19-May-2024 13:51:18.915 INFO [main] org.apache.catalina.core.ApplicationContext.log Initializing Spring root WebApplicationContext
19-May-2024 13:51:23.405 INFO [main] org.apache.catalina.core.ApplicationContext.log Initializing Spring DispatcherServlet 'dispatcher'
19-May-2024 13:53:07.652 INFO [Thread-1] org.apache.catalina.core.ApplicationContext.log Destroying Spring FrameworkServlet 'dispatcher'
19-May-2024 13:53:07.657 INFO [Thread-1] org.apache.catalina.core.ApplicationContext.log Closing Spring root WebApplicationContext
19-May-2024 13:53:15.087 INFO [main] org.apache.catalina.core.ApplicationContext.log 1 Spring WebApplicationInitializers detected on classpath
19-May-2024 13:53:15.164 INFO [main] org.apache.catalina.core.ApplicationContext.log Initializing Spring root WebApplicationContext
19-May-2024 13:53:19.674 INFO [main] org.apache.catalina.core.ApplicationContext.log Initializing Spring DispatcherServlet 'dispatcher'
19-May-2024 13:53:57.466 INFO [Thread-1] org.apache.catalina.core.ApplicationContext.log Destroying Spring FrameworkServlet 'dispatcher'
19-May-2024 13:53:57.473 INFO [Thread-1] org.apache.catalina.core.ApplicationContext.log Closing Spring root WebApplicationContext
19-May-2024 14:10:23.068 INFO [main] org.apache.catalina.core.ApplicationContext.log 1 Spring WebApplicationInitializers detected on classpath
19-May-2024 14:10:23.144 INFO [main] org.apache.catalina.core.ApplicationContext.log Initializing Spring root WebApplicationContext
19-May-2024 14:10:27.656 INFO [main] org.apache.catalina.core.ApplicationContext.log Initializing Spring DispatcherServlet 'dispatcher'
19-May-2024 14:11:35.623 INFO [Thread-1] org.apache.catalina.core.ApplicationContext.log Destroying Spring FrameworkServlet 'dispatcher'
19-May-2024 14:11:35.628 INFO [Thread-1] org.apache.catalina.core.ApplicationContext.log Closing Spring root WebApplicationContext
19-May-2024 14:12:14.158 INFO [main] org.apache.catalina.core.ApplicationContext.log 1 Spring WebApplicationInitializers detected on classpath
19-May-2024 14:12:14.236 INFO [main] org.apache.catalina.core.ApplicationContext.log Initializing Spring root WebApplicationContext
19-May-2024 14:12:18.739 INFO [main] org.apache.catalina.core.ApplicationContext.log Initializing Spring DispatcherServlet 'dispatcher'
19-May-2024 14:14:03.020 INFO [Thread-1] org.apache.catalina.core.ApplicationContext.log Destroying Spring FrameworkServlet 'dispatcher'
19-May-2024 14:14:03.024 INFO [Thread-1] org.apache.catalina.core.ApplicationContext.log Closing Spring root WebApplicationContext
19-May-2024 14:14:21.559 INFO [main] org.apache.catalina.core.ApplicationContext.log 1 Spring WebApplicationInitializers detected on classpath
19-May-2024 14:14:21.640 INFO [main] org.apache.catalina.core.ApplicationContext.log Initializing Spring root WebApplicationContext
19-May-2024 14:14:26.204 INFO [main] org.apache.catalina.core.ApplicationContext.log Initializing Spring DispatcherServlet 'dispatcher'
19-May-2024 14:15:26.932 INFO [Thread-1] org.apache.catalina.core.ApplicationContext.log Destroying Spring FrameworkServlet 'dispatcher'
19-May-2024 14:15:26.937 INFO [Thread-1] org.apache.catalina.core.ApplicationContext.log Closing Spring root WebApplicationContext
19-May-2024 14:16:02.766 INFO [main] org.apache.catalina.core.ApplicationContext.log 1 Spring WebApplicationInitializers detected on classpath
19-May-2024 14:16:02.845 INFO [main] org.apache.catalina.core.ApplicationContext.log Initializing Spring root WebApplicationContext
19-May-2024 14:16:07.423 INFO [main] org.apache.catalina.core.ApplicationContext.log Initializing Spring DispatcherServlet 'dispatcher'
19-May-2024 14:19:32.628 INFO [Thread-1] org.apache.catalina.core.ApplicationContext.log Destroying Spring FrameworkServlet 'dispatcher'
19-May-2024 14:19:32.633 INFO [Thread-1] org.apache.catalina.core.ApplicationContext.log Closing Spring root WebApplicationContext
19-May-2024 14:19:48.678 INFO [main] org.apache.catalina.core.ApplicationContext.log 1 Spring WebApplicationInitializers detected on classpath
19-May-2024 14:19:48.756 INFO [main] org.apache.catalina.core.ApplicationContext.log Initializing Spring root WebApplicationContext
19-May-2024 14:19:53.295 INFO [main] org.apache.catalina.core.ApplicationContext.log Initializing Spring DispatcherServlet 'dispatcher'
19-May-2024 14:23:24.780 INFO [Thread-1] org.apache.catalina.core.ApplicationContext.log Destroying Spring FrameworkServlet 'dispatcher'
19-May-2024 14:23:24.785 INFO [Thread-1] org.apache.catalina.core.ApplicationContext.log Closing Spring root WebApplicationContext
19-May-2024 14:23:31.409 INFO [main] org.apache.catalina.core.ApplicationContext.log 1 Spring WebApplicationInitializers detected on classpath
19-May-2024 14:23:31.489 INFO [main] org.apache.catalina.core.ApplicationContext.log Initializing Spring root WebApplicationContext
19-May-2024 14:23:36.214 INFO [main] org.apache.catalina.core.ApplicationContext.log Initializing Spring DispatcherServlet 'dispatcher'
19-May-2024 14:29:10.201 INFO [Thread-1] org.apache.catalina.core.ApplicationContext.log Destroying Spring FrameworkServlet 'dispatcher'
19-May-2024 14:29:10.206 INFO [Thread-1] org.apache.catalina.core.ApplicationContext.log Closing Spring root WebApplicationContext
19-May-2024 14:29:16.314 INFO [main] org.apache.catalina.core.ApplicationContext.log 1 Spring WebApplicationInitializers detected on classpath
19-May-2024 14:29:16.395 INFO [main] org.apache.catalina.core.ApplicationContext.log Initializing Spring root WebApplicationContext
19-May-2024 14:29:20.953 INFO [main] org.apache.catalina.core.ApplicationContext.log Initializing Spring DispatcherServlet 'dispatcher'
19-May-2024 14:29:51.204 INFO [Thread-1] org.apache.catalina.core.ApplicationContext.log Destroying Spring FrameworkServlet 'dispatcher'
19-May-2024 14:29:51.209 INFO [Thread-1] org.apache.catalina.core.ApplicationContext.log Closing Spring root WebApplicationContext
